<?xml version="1.0" encoding="UTF-8"?>
<!-- Generated by org.testng.reporters.JUnitReportReporter -->
<testsuite hostname="DESKTOP-4Q21JSU" failures="0" tests="1" name="StepDef.StepDefinition" time="31.008" errors="0" timestamp="2022-09-08T10:13:06 IST" skipped="0">
  <testcase classname="StepDef.StepDefinition" name="TC02" time="31.008"/>
  <system-out/>
</testsuite> <!-- StepDef.StepDefinition -->
